<?xml version="1.0" encoding="UTF-8"?>
<testng-results ignored="0" total="4" passed="4" failed="0" skipped="0">
  <reporter-output>
  </reporter-output>
  <suite started-at="2021-10-29T11:40:56 IST" name="Suite" finished-at="2021-10-29T11:41:19 IST" duration-ms="23025">
    <groups>
    </groups>
    <test started-at="2021-10-29T11:40:56 IST" name="Test1" finished-at="2021-10-29T11:41:18 IST" duration-ms="22454">
      <class name="DistributedParellel.TestCase1">
        <test-method signature="a1()[pri:0, instance:DistributedParellel.TestCase1@4690b489]" started-at="2021-10-29T11:41:11 IST" name="a1" finished-at="2021-10-29T11:41:18 IST" duration-ms="7322" status="PASS">
          <reporter-output>
          </reporter-output>
        </test-method> <!-- a1 -->
      </class> <!-- DistributedParellel.TestCase1 -->
      <class name="DistributedParellel.TestCase4">
        <test-method signature="d1()[pri:0, instance:DistributedParellel.TestCase4@1ed1993a]" started-at="2021-10-29T11:40:56 IST" name="d1" finished-at="2021-10-29T11:41:11 IST" duration-ms="15066" status="PASS">
          <reporter-output>
          </reporter-output>
        </test-method> <!-- d1 -->
      </class> <!-- DistributedParellel.TestCase4 -->
    </test> <!-- Test1 -->
    <test started-at="2021-10-29T11:40:56 IST" name="Test2" finished-at="2021-10-29T11:41:19 IST" duration-ms="23025">
      <class name="DistributedParellel.TestCase3">
        <test-method signature="c1()[pri:0, instance:DistributedParellel.TestCase3@50b472aa]" started-at="2021-10-29T11:41:12 IST" name="c1" finished-at="2021-10-29T11:41:19 IST" duration-ms="6855" status="PASS">
          <reporter-output>
          </reporter-output>
        </test-method> <!-- c1 -->
      </class> <!-- DistributedParellel.TestCase3 -->
      <class name="DistributedParellel.TestCase2">
        <test-method signature="b1()[pri:0, instance:DistributedParellel.TestCase2@6ca8564a]" started-at="2021-10-29T11:40:56 IST" name="b1" finished-at="2021-10-29T11:41:12 IST" duration-ms="16111" status="PASS">
          <reporter-output>
          </reporter-output>
        </test-method> <!-- b1 -->
      </class> <!-- DistributedParellel.TestCase2 -->
    </test> <!-- Test2 -->
  </suite> <!-- Suite -->
</testng-results>
